<?xml version="1.0" encoding="UTF-8"?>
<testsuite xmlns:xsi="http://www.w3.org/2001/XMLSchema-instance" xsi:noNamespaceSchemaLocation="https://maven.apache.org/surefire/maven-surefire-plugin/xsd/surefire-test-report-3.0.xsd" version="3.0" name="com.samsung.springboot.SpringbootApplicationTests" time="8.427" tests="1" errors="0" skipped="0" failures="0">
  <properties>
[...]
</properties>
  <testcase name="contextLoads" classname="com.samsung.springboot.SpringbootApplicationTests" time="0.515">
    <system-out><![CDATA[00:16:45.045 [main] INFO org.springframework.test.context.support.AnnotationConfigContextLoaderUtils -- Could not detect default configuration classes for test class [com.samsung.springboot.SpringbootApplicationTests]: SpringbootApplicationTests does not declare any static, non-private, non-final, nested classes annotated with @Configuration.
00:16:45.153 [main] INFO org.springframework.boot.test.context.SpringBootTestContextBootstrapper -- Found @SpringBootConfiguration com.samsung.springboot.SpringbootApplication for test class com.samsung.springboot.SpringbootApplicationTests

  .   ____          _            __ _ _
 /\\ / ___'_ __ _ _(_)_ __  __ _ \ \ \ \
( ( )\___ | '_ | '_| | '_ \/ _` | \ \ \ \
 \\/  ___)| |_)| | | | | || (_| |  ) ) ) )
  '  |____| .__|_| |_|_| |_\__, | / / / /
 =========|_|==============|___/=/_/_/_/
 :: Spring Boot ::                (v3.1.0)

2024-07-03T00:16:45.674-03:00  INFO 7360 --- [           main] c.s.s.SpringbootApplicationTests         : Starting SpringbootApplicationTests using Java 17.0.7 with PID 7360 (started by admin in D:\GPWK\FullStack\samsung\catalogo-back)
2024-07-03T00:16:45.676-03:00  INFO 7360 --- [           main] c.s.s.SpringbootApplicationTests         : No active profile set, falling back to 1 default profile: "default"
2024-07-03T00:16:46.669-03:00  INFO 7360 --- [           main] .s.d.r.c.RepositoryConfigurationDelegate : Bootstrapping Spring Data JPA repositories in DEFAULT mode.
2024-07-03T00:16:46.784-03:00  INFO 7360 --- [           main] .s.d.r.c.RepositoryConfigurationDelegate : Finished Spring Data repository scanning in 100 ms. Found 14 JPA repository interfaces.
2024-07-03T00:16:47.328-03:00  INFO 7360 --- [           main] com.zaxxer.hikari.HikariDataSource       : HikariPool-1 - Starting...
2024-07-03T00:16:47.837-03:00  INFO 7360 --- [           main] com.zaxxer.hikari.pool.HikariPool        : HikariPool-1 - Added connection com.mysql.cj.jdbc.ConnectionImpl@580902cd
2024-07-03T00:16:47.839-03:00  INFO 7360 --- [           main] com.zaxxer.hikari.HikariDataSource       : HikariPool-1 - Start completed.
2024-07-03T00:16:47.945-03:00  INFO 7360 --- [           main] o.hibernate.jpa.internal.util.LogHelper  : HHH000204: Processing PersistenceUnitInfo [name: default]
2024-07-03T00:16:48.058-03:00  INFO 7360 --- [           main] org.hibernate.Version                    : HHH000412: Hibernate ORM core version 6.2.2.Final
2024-07-03T00:16:48.061-03:00  INFO 7360 --- [           main] org.hibernate.cfg.Environment            : HHH000406: Using bytecode reflection optimizer
2024-07-03T00:16:48.306-03:00  INFO 7360 --- [           main] o.h.b.i.BytecodeProviderInitiator        : HHH000021: Bytecode provider name : bytebuddy
2024-07-03T00:16:48.497-03:00  INFO 7360 --- [           main] o.s.o.j.p.SpringPersistenceUnitInfo      : No LoadTimeWeaver setup: ignoring JPA class transformer
2024-07-03T00:16:48.630-03:00  INFO 7360 --- [           main] org.hibernate.orm.dialect                : HHH035001: Using dialect: org.hibernate.dialect.MySQLDialect, version: 8.0.37
2024-07-03T00:16:48.993-03:00  INFO 7360 --- [           main] o.h.b.i.BytecodeProviderInitiator        : HHH000021: Bytecode provider name : bytebuddy
2024-07-03T00:16:49.874-03:00  INFO 7360 --- [           main] o.h.e.t.j.p.i.JtaPlatformInitiator       : HHH000490: Using JtaPlatform implementation: [org.hibernate.engine.transaction.jta.platform.internal.NoJtaPlatform]
2024-07-03T00:16:49.948-03:00 DEBUG 7360 --- [           main] org.hibernate.SQL                        : alter table cart_itens modify column created_at  datetime(6)
Hibernate: alter table cart_itens modify column created_at  datetime(6)
2024-07-03T00:16:49.980-03:00 DEBUG 7360 --- [           main] org.hibernate.SQL                        : alter table cart_itens modify column updated_at  datetime(6)
Hibernate: alter table cart_itens modify column updated_at  datetime(6)
2024-07-03T00:16:49.990-03:00 DEBUG 7360 --- [           main] org.hibernate.SQL                        : alter table carts modify column created_at  datetime(6)
Hibernate: alter table carts modify column created_at  datetime(6)
2024-07-03T00:16:50.013-03:00 DEBUG 7360 --- [           main] org.hibernate.SQL                        : alter table carts modify column updated_at  datetime(6)
Hibernate: alter table carts modify column updated_at  datetime(6)
2024-07-03T00:16:50.026-03:00 DEBUG 7360 --- [           main] org.hibernate.SQL                        : alter table categories modify column created_at  datetime(6)
Hibernate: alter table categories modify column created_at  datetime(6)
2024-07-03T00:16:50.042-03:00 DEBUG 7360 --- [           main] org.hibernate.SQL                        : alter table categories modify column updated_at  datetime(6)
Hibernate: alter table categories modify column updated_at  datetime(6)
2024-07-03T00:16:50.053-03:00 DEBUG 7360 --- [           main] org.hibernate.SQL                        : alter table checkout modify column created_at  datetime(6)
Hibernate: alter table checkout modify column created_at  datetime(6)
2024-07-03T00:16:50.069-03:00 DEBUG 7360 --- [           main] org.hibernate.SQL                        : alter table checkout modify column updated_at  datetime(6)
Hibernate: alter table checkout modify column updated_at  datetime(6)
2024-07-03T00:16:50.082-03:00 DEBUG 7360 --- [           main] org.hibernate.SQL                        : alter table order_itens modify column created_at  datetime(6)
Hibernate: alter table order_itens modify column created_at  datetime(6)
2024-07-03T00:16:50.094-03:00 DEBUG 7360 --- [           main] org.hibernate.SQL                        : alter table order_itens modify column updated_at  datetime(6)
Hibernate: alter table order_itens modify column updated_at  datetime(6)
2024-07-03T00:16:50.104-03:00 DEBUG 7360 --- [           main] org.hibernate.SQL                        : alter table orders modify column created_at  datetime(6)
Hibernate: alter table orders modify column created_at  datetime(6)
2024-07-03T00:16:50.118-03:00 DEBUG 7360 --- [           main] org.hibernate.SQL                        : alter table orders modify column updated_at  datetime(6)
Hibernate: alter table orders modify column updated_at  datetime(6)
2024-07-03T00:16:50.131-03:00 DEBUG 7360 --- [           main] org.hibernate.SQL                        : alter table payments_types modify column created_at  datetime(6)
Hibernate: alter table payments_types modify column created_at  datetime(6)
2024-07-03T00:16:50.146-03:00 DEBUG 7360 --- [           main] org.hibernate.SQL                        : alter table payments_types modify column updated_at  datetime(6)
Hibernate: alter table payments_types modify column updated_at  datetime(6)
2024-07-03T00:16:50.162-03:00 DEBUG 7360 --- [           main] org.hibernate.SQL                        : create table person_address (id bigint not null auto_increment, bairro varchar(255), cep varchar(255), cidade varchar(255), created_at datetime(6), endereco varchar(255), estado varchar(255), updated_at datetime(6), id_user bigint, primary key (id)) engine=InnoDB
Hibernate: create table person_address (id bigint not null auto_increment, bairro varchar(255), cep varchar(255), cidade varchar(255), created_at datetime(6), endereco varchar(255), estado varchar(255), updated_at datetime(6), id_user bigint, primary key (id)) engine=InnoDB
2024-07-03T00:16:50.186-03:00 DEBUG 7360 --- [           main] org.hibernate.SQL                        : create table product_favorite (id bigint not null auto_increment, created_at datetime(6), status varchar(255), updated_at datetime(6), id_product bigint, id_user bigint, primary key (id)) engine=InnoDB
Hibernate: create table product_favorite (id bigint not null auto_increment, created_at datetime(6), status varchar(255), updated_at datetime(6), id_product bigint, id_user bigint, primary key (id)) engine=InnoDB
2024-07-03T00:16:50.205-03:00 DEBUG 7360 --- [           main] org.hibernate.SQL                        : create table product_featured (id bigint not null auto_increment, created_at datetime(6), status varchar(255), updated_at datetime(6), id_product bigint, primary key (id)) engine=InnoDB
Hibernate: create table product_featured (id bigint not null auto_increment, created_at datetime(6), status varchar(255), updated_at datetime(6), id_product bigint, primary key (id)) engine=InnoDB
2024-07-03T00:16:50.226-03:00 DEBUG 7360 --- [           main] org.hibernate.SQL                        : alter table product_images modify column created_at  datetime(6)
Hibernate: alter table product_images modify column created_at  datetime(6)
2024-07-03T00:16:50.238-03:00 DEBUG 7360 --- [           main] org.hibernate.SQL                        : alter table product_images modify column updated_at  datetime(6)
Hibernate: alter table product_images modify column updated_at  datetime(6)
2024-07-03T00:16:50.247-03:00 DEBUG 7360 --- [           main] org.hibernate.SQL                        : alter table products modify column created_at  datetime(6)
Hibernate: alter table products modify column created_at  datetime(6)
2024-07-03T00:16:50.263-03:00 DEBUG 7360 --- [           main] org.hibernate.SQL                        : alter table products modify column updated_at  datetime(6)
Hibernate: alter table products modify column updated_at  datetime(6)
2024-07-03T00:16:50.278-03:00 DEBUG 7360 --- [           main] org.hibernate.SQL                        : alter table units modify column created_at  datetime(6)
Hibernate: alter table units modify column created_at  datetime(6)
2024-07-03T00:16:50.292-03:00 DEBUG 7360 --- [           main] org.hibernate.SQL                        : alter table units modify column updated_at  datetime(6)
Hibernate: alter table units modify column updated_at  datetime(6)
2024-07-03T00:16:50.305-03:00 DEBUG 7360 --- [           main] org.hibernate.SQL                        : alter table product_featured drop index UK_mhgvxfl1auekdqlmf12bxikbp
Hibernate: alter table product_featured drop index UK_mhgvxfl1auekdqlmf12bxikbp
2024-07-03T00:16:50.316-03:00 DEBUG 7360 --- [           main] org.hibernate.SQL                        : alter table product_featured add constraint UK_mhgvxfl1auekdqlmf12bxikbp unique (id_product)
Hibernate: alter table product_featured add constraint UK_mhgvxfl1auekdqlmf12bxikbp unique (id_product)
2024-07-03T00:16:50.383-03:00 DEBUG 7360 --- [           main] org.hibernate.SQL                        : alter table person_address add constraint FK1pxiryjx6u5n17cp3s1fg1mvh foreign key (id_user) references person (id)
Hibernate: alter table person_address add constraint FK1pxiryjx6u5n17cp3s1fg1mvh foreign key (id_user) references person (id)
2024-07-03T00:16:50.445-03:00 DEBUG 7360 --- [           main] org.hibernate.SQL                        : alter table product_favorite add constraint FKcsvoekxnrokmrss3wo0rlq015 foreign key (id_product) references products (id)
Hibernate: alter table product_favorite add constraint FKcsvoekxnrokmrss3wo0rlq015 foreign key (id_product) references products (id)
2024-07-03T00:16:50.509-03:00 DEBUG 7360 --- [           main] org.hibernate.SQL                        : alter table product_favorite add constraint FKhqt3o8mvv8567i2piw9jua5xo foreign key (id_user) references person (id)
Hibernate: alter table product_favorite add constraint FKhqt3o8mvv8567i2piw9jua5xo foreign key (id_user) references person (id)
2024-07-03T00:16:50.596-03:00 DEBUG 7360 --- [           main] org.hibernate.SQL                        : alter table product_featured add constraint FKaoy06b2uc0xhnhtsgh3vkryqb foreign key (id_product) references products (id)
Hibernate: alter table product_featured add constraint FKaoy06b2uc0xhnhtsgh3vkryqb foreign key (id_product) references products (id)
2024-07-03T00:16:50.679-03:00  INFO 7360 --- [           main] j.LocalContainerEntityManagerFactoryBean : Initialized JPA EntityManagerFactory for persistence unit 'default'
2024-07-03T00:16:51.239-03:00  INFO 7360 --- [           main] o.s.d.j.r.query.QueryEnhancerFactory     : Hibernate is in classpath; If applicable, HQL parser will be used.
2024-07-03T00:16:52.025-03:00  WARN 7360 --- [           main] JpaBaseConfiguration$JpaWebConfiguration : spring.jpa.open-in-view is enabled by default. Therefore, database queries may be performed during view rendering. Explicitly configure spring.jpa.open-in-view to disable this warning
2024-07-03T00:16:52.395-03:00  INFO 7360 --- [           main] o.s.s.web.DefaultSecurityFilterChain     : Will secure any request with [org.springframework.security.web.session.DisableEncodeUrlFilter@1a4eb337, org.springframework.security.web.context.request.async.WebAsyncManagerIntegrationFilter@cec9f23, org.springframework.security.web.context.SecurityContextHolderFilter@6b4b5ac8, org.springframework.security.web.header.HeaderWriterFilter@4bcb45e4, org.springframework.web.filter.CorsFilter@243deb3f, org.springframework.security.web.authentication.logout.LogoutFilter@2176d934, com.samsung.springboot.config.JwtAuthFilter@7bc3c59f, org.springframework.security.web.savedrequest.RequestCacheAwareFilter@a6a7c4f, org.springframework.security.web.servletapi.SecurityContextHolderAwareRequestFilter@5c2fc86, org.springframework.security.web.authentication.AnonymousAuthenticationFilter@57999175, org.springframework.security.web.session.SessionManagementFilter@3e2afba0, org.springframework.security.web.access.ExceptionTranslationFilter@2ae62f7, org.springframework.security.web.access.intercept.AuthorizationFilter@63eebb56]
2024-07-03T00:16:52.411-03:00  WARN 7360 --- [           main] o.s.s.c.a.web.builders.WebSecurity       : You are asking Spring Security to ignore Ant [pattern='/h2-console/**']. This is not recommended -- please use permitAll via HttpSecurity#authorizeHttpRequests instead.
2024-07-03T00:16:52.411-03:00  INFO 7360 --- [           main] o.s.s.web.DefaultSecurityFilterChain     : Will not secure Ant [pattern='/h2-console/**']
2024-07-03T00:16:52.773-03:00  INFO 7360 --- [           main] c.s.s.SpringbootApplicationTests         : Started SpringbootApplicationTests in 7.443 seconds (process running for 8.4)
]]></system-out>
  </testcase>
</testsuite>